<?xml version="1.0" encoding="UTF-8"?>
<testsuite name="ArbolBinarioTest" tests="5" skipped="0" failures="0" errors="0" timestamp="2026-06-16T04:42:43.076Z" hostname="JUANCHI" time="0.035">
  <properties/>
  <testcase name="testEsBST()" classname="ArbolBinarioTest" time="0.015"/>
  <testcase name="testObtenerInorder()" classname="ArbolBinarioTest" time="0.002"/>
  <testcase name="testContarHojas()" classname="ArbolBinarioTest" time="0.001"/>
  <testcase name="testTieneNegativo()" classname="ArbolBinarioTest" time="0.0"/>
  <testcase name="testAltura()" classname="ArbolBinarioTest" time="0.0"/>
  <system-out><![CDATA[]]></system-out>
  <system-err><![CDATA[]]></system-err>
</testsuite>
