<?xml version="1.0" encoding="UTF-8"?>
<testsuite name="ArbolBinarioTest" tests="8" skipped="0" failures="0" errors="0" timestamp="2026-06-18T22:01:06.529Z" hostname="JUANCHI" time="0.058">
  <properties/>
  <testcase name="testEspejar()" classname="ArbolBinarioTest" time="0.024"/>
  <testcase name="testObtenerPreorder()" classname="ArbolBinarioTest" time="0.002"/>
  <testcase name="testEsBST()" classname="ArbolBinarioTest" time="0.002"/>
  <testcase name="testObtenerInorder()" classname="ArbolBinarioTest" time="0.001"/>
  <testcase name="testContarHojas()" classname="ArbolBinarioTest" time="0.001"/>
  <testcase name="testTieneNegativo()" classname="ArbolBinarioTest" time="0.001"/>
  <testcase name="testObtenerPostorder()" classname="ArbolBinarioTest" time="0.001"/>
  <testcase name="testAltura()" classname="ArbolBinarioTest" time="0.001"/>
  <system-out><![CDATA[]]></system-out>
  <system-err><![CDATA[]]></system-err>
</testsuite>
